The target system is: Generic - 1 - armv7-a
The host system is: Linux - 5.4.24-1-MANJARO - x86_64
Compiling the C compiler identification source file "CMakeCCompilerId.c" succeeded.
Compiler: /usr/local/vitasdk/bin/arm-vita-eabi-gcc 
Build flags: ;-Wl,-q
Id flags:  

The output was:
0


Compilation of the C compiler identification source "CMakeCCompilerId.c" produced "a.out"

The C compiler identification is GNU, found in "/home/rob/Projects/covid19-psvita-data/build/CMakeFiles/3.17.0/CompilerIdC/a.out"

Compiling the CXX compiler identification source file "CMakeCXXCompilerId.cpp" succeeded.
Compiler: /usr/local/vitasdk/bin/arm-vita-eabi-g++ 
Build flags: ;-Wl,-q
Id flags:  

The output was:
0


Compilation of the CXX compiler identification source "CMakeCXXCompilerId.cpp" produced "a.out"

The CXX compiler identification is GNU, found in "/home/rob/Projects/covid19-psvita-data/build/CMakeFiles/3.17.0/CompilerIdCXX/a.out"

Determining if the C compiler works passed with the following output:
Change Dir: /home/rob/Projects/covid19-psvita-data/build/CMakeFiles/CMakeTmp

Run Build Command(s):/usr/bin/make cmTC_a8f08/fast && /usr/bin/make -f CMakeFiles/cmTC_a8f08.dir/build.make CMakeFiles/cmTC_a8f08.dir/build
make[1]: Entering directory '/home/rob/Projects/covid19-psvita-data/build/CMakeFiles/CMakeTmp'
Building C object CMakeFiles/cmTC_a8f08.dir/testCCompiler.c.obj
/usr/local/vitasdk/bin/arm-vita-eabi-gcc   -Wl,-q    -o CMakeFiles/cmTC_a8f08.dir/testCCompiler.c.obj   -c /home/rob/Projects/covid19-psvita-data/build/CMakeFiles/CMakeTmp/testCCompiler.c
Linking C executable cmTC_a8f08
/usr/bin/cmake -E cmake_link_script CMakeFiles/cmTC_a8f08.dir/link.txt --verbose=1
/usr/local/vitasdk/bin/arm-vita-eabi-gcc  -Wl,-q   -Wl,-z,nocopyreloc  CMakeFiles/cmTC_a8f08.dir/testCCompiler.c.obj  -o cmTC_a8f08 
make[1]: Leaving directory '/home/rob/Projects/covid19-psvita-data/build/CMakeFiles/CMakeTmp'



Detecting C compiler ABI info compiled with the following output:
Change Dir: /home/rob/Projects/covid19-psvita-data/build/CMakeFiles/CMakeTmp

Run Build Command(s):/usr/bin/make cmTC_8b666/fast && /usr/bin/make -f CMakeFiles/cmTC_8b666.dir/build.make CMakeFiles/cmTC_8b666.dir/build
make[1]: Entering directory '/home/rob/Projects/covid19-psvita-data/build/CMakeFiles/CMakeTmp'
Building C object CMakeFiles/cmTC_8b666.dir/CMakeCCompilerABI.c.obj
/usr/local/vitasdk/bin/arm-vita-eabi-gcc   -Wl,-q    -v -o CMakeFiles/cmTC_8b666.dir/CMakeCCompilerABI.c.obj   -c /usr/share/cmake-3.17/Modules/CMakeCCompilerABI.c
Using built-in specs.
COLLECT_GCC=/usr/local/vitasdk/bin/arm-vita-eabi-gcc
Target: arm-vita-eabi
Configured with: /home/travis/build/vitasdk/autobuilds/buildscripts/build/gcc-final-prefix/src/gcc-final/configure --build=x86_64-linux-gnu --host=x86_64-linux-gnu --target=arm-vita-eabi --prefix=/home/travis/build/vitasdk/autobuilds/buildscripts/build/vitasdk --libdir=/home/travis/build/vitasdk/autobuilds/buildscripts/build/vitasdk/lib --libexecdir=/home/travis/build/vitasdk/autobuilds/buildscripts/build/vitasdk/lib --with-sysroot=/home/travis/build/vitasdk/autobuilds/buildscripts/build/vitasdk/arm-vita-eabi --with-gmp=/home/travis/build/vitasdk/autobuilds/buildscripts/build/deps_build --with-mpfr=/home/travis/build/vitasdk/autobuilds/buildscripts/build/deps_build --with-mpc=/home/travis/build/vitasdk/autobuilds/buildscripts/build/deps_build --with-isl=/home/travis/build/vitasdk/autobuilds/buildscripts/build/deps_build --with-libelf=/home/travis/build/vitasdk/autobuilds/buildscripts/build/deps_build --with-python-dir=share/gcc-arm-vita-eabi --enable-languages=c,c++ --disable-decimal-float --disable-libffi --disable-libgomp --disable-libmudflap --disable-libquadmath --disable-libssp --disable-libstdcxx-pch --disable-nls --disable-shared --disable-tls --with-gnu-as --with-gnu-ld --with-newlib --disable-multilib --with-arch=armv7-a --with-tune=cortex-a9 --with-fpu=neon --with-float=hard --with-mode=thumb --with-pkgversion='GNU Tools for ARM Embedded Processors' --with-host-libstdcxx='-static-libgcc -Wl,-Bstatic,-lstdc++,-Bdynamic -lm' --with-headers=yes --enable-threads=posix CFLAGS=-DNO_IMPLICIT_EXTERN_C CXXFLAGS=-DNO_IMPLICIT_EXTERN_C
Thread model: posix
gcc version 9.1.0 (GNU Tools for ARM Embedded Processors) 
COLLECT_GCC_OPTIONS='-v' '-o' 'CMakeFiles/cmTC_8b666.dir/CMakeCCompilerABI.c.obj' '-c'  '-mtune=cortex-a9' '-mfloat-abi=hard' '-mfpu=neon' '-mthumb' '-march=armv7-a+simd'
 /usr/local/vitasdk/bin/../lib/gcc/arm-vita-eabi/9.1.0/cc1 -quiet -v -iprefix /usr/local/vitasdk/bin/../lib/gcc/arm-vita-eabi/9.1.0/ -isysroot /usr/local/vitasdk/bin/../arm-vita-eabi -D__USES_INITFINI__ /usr/share/cmake-3.17/Modules/CMakeCCompilerABI.c -quiet -dumpbase CMakeCCompilerABI.c -mtune=cortex-a9 -mfloat-abi=hard -mfpu=neon -mthumb -march=armv7-a+simd -auxbase-strip CMakeFiles/cmTC_8b666.dir/CMakeCCompilerABI.c.obj -version -o /tmp/ccowDtBU.s
GNU C17 (GNU Tools for ARM Embedded Processors) version 9.1.0 (arm-vita-eabi)
	compiled by GNU C version 4.8.4, GMP version 6.1.2, MPFR version 4.0.2, MPC version 1.1.0, isl version isl-0.21-GMP

GGC heuristics: --param ggc-min-expand=100 --param ggc-min-heapsize=131072
ignoring duplicate directory "/usr/local/vitasdk/bin/../lib/gcc/../../lib/gcc/arm-vita-eabi/9.1.0/include"
ignoring nonexistent directory "/usr/local/vitasdk/bin/../arm-vita-eabi/usr/local/include"
ignoring duplicate directory "/usr/local/vitasdk/bin/../lib/gcc/../../lib/gcc/arm-vita-eabi/9.1.0/include-fixed"
ignoring duplicate directory "/usr/local/vitasdk/bin/../lib/gcc/../../lib/gcc/arm-vita-eabi/9.1.0/../../../../arm-vita-eabi/include"
ignoring nonexistent directory "/usr/local/vitasdk/bin/../arm-vita-eabi/usr/include"
#include "..." search starts here:
#include <...> search starts here:
 /usr/local/vitasdk/bin/../lib/gcc/arm-vita-eabi/9.1.0/include
 /usr/local/vitasdk/bin/../lib/gcc/arm-vita-eabi/9.1.0/include-fixed
 /usr/local/vitasdk/bin/../lib/gcc/arm-vita-eabi/9.1.0/../../../../arm-vita-eabi/include
End of search list.
GNU C17 (GNU Tools for ARM Embedded Processors) version 9.1.0 (arm-vita-eabi)
	compiled by GNU C version 4.8.4, GMP version 6.1.2, MPFR version 4.0.2, MPC version 1.1.0, isl version isl-0.21-GMP

GGC heuristics: --param ggc-min-expand=100 --param ggc-min-heapsize=131072
Compiler executable checksum: 24f1d585bf8a21e7fd32735724756969
COLLECT_GCC_OPTIONS='-v' '-o' 'CMakeFiles/cmTC_8b666.dir/CMakeCCompilerABI.c.obj' '-c'  '-mtune=cortex-a9' '-mfloat-abi=hard' '-mfpu=neon' '-mthumb' '-march=armv7-a+simd'
 /usr/local/vitasdk/bin/../lib/gcc/arm-vita-eabi/9.1.0/../../../../arm-vita-eabi/bin/as -v -march=armv7-a -mfloat-abi=hard -mfpu=neon -meabi=5 -o CMakeFiles/cmTC_8b666.dir/CMakeCCompilerABI.c.obj /tmp/ccowDtBU.s
GNU assembler version 2.32 (arm-vita-eabi) using BFD version (GNU Tools for ARM Embedded Processors) 2.32
COMPILER_PATH=/usr/local/vitasdk/bin/../lib/gcc/arm-vita-eabi/9.1.0/:/usr/local/vitasdk/bin/../lib/gcc/:/usr/local/vitasdk/bin/../lib/gcc/arm-vita-eabi/9.1.0/../../../../arm-vita-eabi/bin/
LIBRARY_PATH=/usr/local/vitasdk/bin/../lib/gcc/arm-vita-eabi/9.1.0/:/usr/local/vitasdk/bin/../lib/gcc/:/usr/local/vitasdk/bin/../lib/gcc/arm-vita-eabi/9.1.0/../../../../arm-vita-eabi/lib/:/usr/local/vitasdk/bin/../arm-vita-eabi/lib/
COLLECT_GCC_OPTIONS='-v' '-o' 'CMakeFiles/cmTC_8b666.dir/CMakeCCompilerABI.c.obj' '-c'  '-mtune=cortex-a9' '-mfloat-abi=hard' '-mfpu=neon' '-mthumb' '-march=armv7-a+simd'
Linking C executable cmTC_8b666
/usr/bin/cmake -E cmake_link_script CMakeFiles/cmTC_8b666.dir/link.txt --verbose=1
/usr/local/vitasdk/bin/arm-vita-eabi-gcc  -Wl,-q   -Wl,-z,nocopyreloc -v CMakeFiles/cmTC_8b666.dir/CMakeCCompilerABI.c.obj  -o cmTC_8b666 
Using built-in specs.
COLLECT_GCC=/usr/local/vitasdk/bin/arm-vita-eabi-gcc
COLLECT_LTO_WRAPPER=/usr/local/vitasdk/bin/../lib/gcc/arm-vita-eabi/9.1.0/lto-wrapper
Target: arm-vita-eabi
Configured with: /home/travis/build/vitasdk/autobuilds/buildscripts/build/gcc-final-prefix/src/gcc-final/configure --build=x86_64-linux-gnu --host=x86_64-linux-gnu --target=arm-vita-eabi --prefix=/home/travis/build/vitasdk/autobuilds/buildscripts/build/vitasdk --libdir=/home/travis/build/vitasdk/autobuilds/buildscripts/build/vitasdk/lib --libexecdir=/home/travis/build/vitasdk/autobuilds/buildscripts/build/vitasdk/lib --with-sysroot=/home/travis/build/vitasdk/autobuilds/buildscripts/build/vitasdk/arm-vita-eabi --with-gmp=/home/travis/build/vitasdk/autobuilds/buildscripts/build/deps_build --with-mpfr=/home/travis/build/vitasdk/autobuilds/buildscripts/build/deps_build --with-mpc=/home/travis/build/vitasdk/autobuilds/buildscripts/build/deps_build --with-isl=/home/travis/build/vitasdk/autobuilds/buildscripts/build/deps_build --with-libelf=/home/travis/build/vitasdk/autobuilds/buildscripts/build/deps_build --with-python-dir=share/gcc-arm-vita-eabi --enable-languages=c,c++ --disable-decimal-float --disable-libffi --disable-libgomp --disable-libmudflap --disable-libquadmath --disable-libssp --disable-libstdcxx-pch --disable-nls --disable-shared --disable-tls --with-gnu-as --with-gnu-ld --with-newlib --disable-multilib --with-arch=armv7-a --with-tune=cortex-a9 --with-fpu=neon --with-float=hard --with-mode=thumb --with-pkgversion='GNU Tools for ARM Embedded Processors' --with-host-libstdcxx='-static-libgcc -Wl,-Bstatic,-lstdc++,-Bdynamic -lm' --with-headers=yes --enable-threads=posix CFLAGS=-DNO_IMPLICIT_EXTERN_C CXXFLAGS=-DNO_IMPLICIT_EXTERN_C
Thread model: posix
gcc version 9.1.0 (GNU Tools for ARM Embedded Processors) 
COMPILER_PATH=/usr/local/vitasdk/bin/../lib/gcc/arm-vita-eabi/9.1.0/:/usr/local/vitasdk/bin/../lib/gcc/:/usr/local/vitasdk/bin/../lib/gcc/arm-vita-eabi/9.1.0/../../../../arm-vita-eabi/bin/
LIBRARY_PATH=/usr/local/vitasdk/bin/../lib/gcc/arm-vita-eabi/9.1.0/:/usr/local/vitasdk/bin/../lib/gcc/:/usr/local/vitasdk/bin/../lib/gcc/arm-vita-eabi/9.1.0/../../../../arm-vita-eabi/lib/:/usr/local/vitasdk/bin/../arm-vita-eabi/lib/
COLLECT_GCC_OPTIONS='-v' '-o' 'cmTC_8b666'  '-mtune=cortex-a9' '-mfloat-abi=hard' '-mfpu=neon' '-mthumb' '-march=armv7-a+simd'
 /usr/local/vitasdk/bin/../lib/gcc/arm-vita-eabi/9.1.0/collect2 -plugin /usr/local/vitasdk/bin/../lib/gcc/arm-vita-eabi/9.1.0/liblto_plugin.so -plugin-opt=/usr/local/vitasdk/bin/../lib/gcc/arm-vita-eabi/9.1.0/lto-wrapper -plugin-opt=-fresolution=/tmp/cckJSCyl.res -plugin-opt=-pass-through=-lgcc -plugin-opt=-pass-through=-lc -plugin-opt=-pass-through=-lSceRtc_stub -plugin-opt=-pass-through=-lSceSysmem_stub -plugin-opt=-pass-through=-lSceKernelThreadMgr_stub -plugin-opt=-pass-through=-lSceKernelModulemgr_stub -plugin-opt=-pass-through=-lSceIofilemgr_stub -plugin-opt=-pass-through=-lSceProcessmgr_stub -plugin-opt=-pass-through=-lSceLibKernel_stub -plugin-opt=-pass-through=-lSceNet_stub --sysroot=/usr/local/vitasdk/bin/../arm-vita-eabi -X -o cmTC_8b666 /usr/local/vitasdk/bin/../lib/gcc/arm-vita-eabi/9.1.0/crti.o /usr/local/vitasdk/bin/../lib/gcc/arm-vita-eabi/9.1.0/crtbegin.o /usr/local/vitasdk/bin/../lib/gcc/arm-vita-eabi/9.1.0/../../../../arm-vita-eabi/lib/crt0.o -L/usr/local/vitasdk/bin/../lib/gcc/arm-vita-eabi/9.1.0 -L/usr/local/vitasdk/bin/../lib/gcc -L/usr/local/vitasdk/bin/../lib/gcc/arm-vita-eabi/9.1.0/../../../../arm-vita-eabi/lib -L/usr/local/vitasdk/bin/../arm-vita-eabi/lib -q -z nocopyreloc CMakeFiles/cmTC_8b666.dir/CMakeCCompilerABI.c.obj --start-group -lgcc -lc -lSceRtc_stub -lSceSysmem_stub -lSceKernelThreadMgr_stub -lSceKernelModulemgr_stub -lSceIofilemgr_stub -lSceProcessmgr_stub -lSceLibKernel_stub -lSceNet_stub --end-group /usr/local/vitasdk/bin/../lib/gcc/arm-vita-eabi/9.1.0/crtend.o /usr/local/vitasdk/bin/../lib/gcc/arm-vita-eabi/9.1.0/crtn.o
COLLECT_GCC_OPTIONS='-v' '-o' 'cmTC_8b666'  '-mtune=cortex-a9' '-mfloat-abi=hard' '-mfpu=neon' '-mthumb' '-march=armv7-a+simd'
make[1]: Leaving directory '/home/rob/Projects/covid19-psvita-data/build/CMakeFiles/CMakeTmp'



Parsed C implicit include dir info from above output: rv=done
  found start of include info
  found start of implicit include info
    add: [/usr/local/vitasdk/bin/../lib/gcc/arm-vita-eabi/9.1.0/include]
    add: [/usr/local/vitasdk/bin/../lib/gcc/arm-vita-eabi/9.1.0/include-fixed]
    add: [/usr/local/vitasdk/bin/../lib/gcc/arm-vita-eabi/9.1.0/../../../../arm-vita-eabi/include]
  end of search list found
  collapse include dir [/usr/local/vitasdk/bin/../lib/gcc/arm-vita-eabi/9.1.0/include] ==> [/usr/local/vitasdk/lib/gcc/arm-vita-eabi/9.1.0/include]
  collapse include dir [/usr/local/vitasdk/bin/../lib/gcc/arm-vita-eabi/9.1.0/include-fixed] ==> [/usr/local/vitasdk/lib/gcc/arm-vita-eabi/9.1.0/include-fixed]
  collapse include dir [/usr/local/vitasdk/bin/../lib/gcc/arm-vita-eabi/9.1.0/../../../../arm-vita-eabi/include] ==> [/usr/local/vitasdk/arm-vita-eabi/include]
  implicit include dirs: [/usr/local/vitasdk/lib/gcc/arm-vita-eabi/9.1.0/include;/usr/local/vitasdk/lib/gcc/arm-vita-eabi/9.1.0/include-fixed;/usr/local/vitasdk/arm-vita-eabi/include]


Parsed C implicit link information from above output:
  link line regex: [^( *|.*[/\])(arm-vita-eabi-ld|CMAKE_LINK_STARTFILE-NOTFOUND|([^/\]+-)?ld|collect2)[^/\]*( |$)]
  ignore line: [Change Dir: /home/rob/Projects/covid19-psvita-data/build/CMakeFiles/CMakeTmp]
  ignore line: []
  ignore line: [Run Build Command(s):/usr/bin/make cmTC_8b666/fast && /usr/bin/make -f CMakeFiles/cmTC_8b666.dir/build.make CMakeFiles/cmTC_8b666.dir/build]
  ignore line: [make[1]: Entering directory '/home/rob/Projects/covid19-psvita-data/build/CMakeFiles/CMakeTmp']
  ignore line: [Building C object CMakeFiles/cmTC_8b666.dir/CMakeCCompilerABI.c.obj]
  ignore line: [/usr/local/vitasdk/bin/arm-vita-eabi-gcc   -Wl -q    -v -o CMakeFiles/cmTC_8b666.dir/CMakeCCompilerABI.c.obj   -c /usr/share/cmake-3.17/Modules/CMakeCCompilerABI.c]
  ignore line: [Using built-in specs.]
  ignore line: [COLLECT_GCC=/usr/local/vitasdk/bin/arm-vita-eabi-gcc]
  ignore line: [Target: arm-vita-eabi]
  ignore line: [Configured with: /home/travis/build/vitasdk/autobuilds/buildscripts/build/gcc-final-prefix/src/gcc-final/configure --build=x86_64-linux-gnu --host=x86_64-linux-gnu --target=arm-vita-eabi --prefix=/home/travis/build/vitasdk/autobuilds/buildscripts/build/vitasdk --libdir=/home/travis/build/vitasdk/autobuilds/buildscripts/build/vitasdk/lib --libexecdir=/home/travis/build/vitasdk/autobuilds/buildscripts/build/vitasdk/lib --with-sysroot=/home/travis/build/vitasdk/autobuilds/buildscripts/build/vitasdk/arm-vita-eabi --with-gmp=/home/travis/build/vitasdk/autobuilds/buildscripts/build/deps_build --with-mpfr=/home/travis/build/vitasdk/autobuilds/buildscripts/build/deps_build --with-mpc=/home/travis/build/vitasdk/autobuilds/buildscripts/build/deps_build --with-isl=/home/travis/build/vitasdk/autobuilds/buildscripts/build/deps_build --with-libelf=/home/travis/build/vitasdk/autobuilds/buildscripts/build/deps_build --with-python-dir=share/gcc-arm-vita-eabi --enable-languages=c,c++ --disable-decimal-float --disable-libffi --disable-libgomp --disable-libmudflap --disable-libquadmath --disable-libssp --disable-libstdcxx-pch --disable-nls --disable-shared --disable-tls --with-gnu-as --with-gnu-ld --with-newlib --disable-multilib --with-arch=armv7-a --with-tune=cortex-a9 --with-fpu=neon --with-float=hard --with-mode=thumb --with-pkgversion='GNU Tools for ARM Embedded Processors' --with-host-libstdcxx='-static-libgcc -Wl,-Bstatic,-lstdc++,-Bdynamic -lm' --with-headers=yes --enable-threads=posix CFLAGS=-DNO_IMPLICIT_EXTERN_C CXXFLAGS=-DNO_IMPLICIT_EXTERN_C]
  ignore line: [Thread model: posix]
  ignore line: [gcc version 9.1.0 (GNU Tools for ARM Embedded Processors) ]
  ignore line: [COLLECT_GCC_OPTIONS='-v' '-o' 'CMakeFiles/cmTC_8b666.dir/CMakeCCompilerABI.c.obj' '-c'  '-mtune=cortex-a9' '-mfloat-abi=hard' '-mfpu=neon' '-mthumb' '-march=armv7-a+simd']
  ignore line: [ /usr/local/vitasdk/bin/../lib/gcc/arm-vita-eabi/9.1.0/cc1 -quiet -v -iprefix /usr/local/vitasdk/bin/../lib/gcc/arm-vita-eabi/9.1.0/ -isysroot /usr/local/vitasdk/bin/../arm-vita-eabi -D__USES_INITFINI__ /usr/share/cmake-3.17/Modules/CMakeCCompilerABI.c -quiet -dumpbase CMakeCCompilerABI.c -mtune=cortex-a9 -mfloat-abi=hard -mfpu=neon -mthumb -march=armv7-a+simd -auxbase-strip CMakeFiles/cmTC_8b666.dir/CMakeCCompilerABI.c.obj -version -o /tmp/ccowDtBU.s]
  ignore line: [GNU C17 (GNU Tools for ARM Embedded Processors) version 9.1.0 (arm-vita-eabi)]
  ignore line: [	compiled by GNU C version 4.8.4  GMP version 6.1.2  MPFR version 4.0.2  MPC version 1.1.0  isl version isl-0.21-GMP]
  ignore line: []
  ignore line: [GGC heuristics: --param ggc-min-expand=100 --param ggc-min-heapsize=131072]
  ignore line: [ignoring duplicate directory "/usr/local/vitasdk/bin/../lib/gcc/../../lib/gcc/arm-vita-eabi/9.1.0/include"]
  ignore line: [ignoring nonexistent directory "/usr/local/vitasdk/bin/../arm-vita-eabi/usr/local/include"]
  ignore line: [ignoring duplicate directory "/usr/local/vitasdk/bin/../lib/gcc/../../lib/gcc/arm-vita-eabi/9.1.0/include-fixed"]
  ignore line: [ignoring duplicate directory "/usr/local/vitasdk/bin/../lib/gcc/../../lib/gcc/arm-vita-eabi/9.1.0/../../../../arm-vita-eabi/include"]
  ignore line: [ignoring nonexistent directory "/usr/local/vitasdk/bin/../arm-vita-eabi/usr/include"]
  ignore line: [#include "..." search starts here:]
  ignore line: [#include <...> search starts here:]
  ignore line: [ /usr/local/vitasdk/bin/../lib/gcc/arm-vita-eabi/9.1.0/include]
  ignore line: [ /usr/local/vitasdk/bin/../lib/gcc/arm-vita-eabi/9.1.0/include-fixed]
  ignore line: [ /usr/local/vitasdk/bin/../lib/gcc/arm-vita-eabi/9.1.0/../../../../arm-vita-eabi/include]
  ignore line: [End of search list.]
  ignore line: [GNU C17 (GNU Tools for ARM Embedded Processors) version 9.1.0 (arm-vita-eabi)]
  ignore line: [	compiled by GNU C version 4.8.4  GMP version 6.1.2  MPFR version 4.0.2  MPC version 1.1.0  isl version isl-0.21-GMP]
  ignore line: []
  ignore line: [GGC heuristics: --param ggc-min-expand=100 --param ggc-min-heapsize=131072]
  ignore line: [Compiler executable checksum: 24f1d585bf8a21e7fd32735724756969]
  ignore line: [COLLECT_GCC_OPTIONS='-v' '-o' 'CMakeFiles/cmTC_8b666.dir/CMakeCCompilerABI.c.obj' '-c'  '-mtune=cortex-a9' '-mfloat-abi=hard' '-mfpu=neon' '-mthumb' '-march=armv7-a+simd']
  ignore line: [ /usr/local/vitasdk/bin/../lib/gcc/arm-vita-eabi/9.1.0/../../../../arm-vita-eabi/bin/as -v -march=armv7-a -mfloat-abi=hard -mfpu=neon -meabi=5 -o CMakeFiles/cmTC_8b666.dir/CMakeCCompilerABI.c.obj /tmp/ccowDtBU.s]
  ignore line: [GNU assembler version 2.32 (arm-vita-eabi) using BFD version (GNU Tools for ARM Embedded Processors) 2.32]
  ignore line: [COMPILER_PATH=/usr/local/vitasdk/bin/../lib/gcc/arm-vita-eabi/9.1.0/:/usr/local/vitasdk/bin/../lib/gcc/:/usr/local/vitasdk/bin/../lib/gcc/arm-vita-eabi/9.1.0/../../../../arm-vita-eabi/bin/]
  ignore line: [LIBRARY_PATH=/usr/local/vitasdk/bin/../lib/gcc/arm-vita-eabi/9.1.0/:/usr/local/vitasdk/bin/../lib/gcc/:/usr/local/vitasdk/bin/../lib/gcc/arm-vita-eabi/9.1.0/../../../../arm-vita-eabi/lib/:/usr/local/vitasdk/bin/../arm-vita-eabi/lib/]
  ignore line: [COLLECT_GCC_OPTIONS='-v' '-o' 'CMakeFiles/cmTC_8b666.dir/CMakeCCompilerABI.c.obj' '-c'  '-mtune=cortex-a9' '-mfloat-abi=hard' '-mfpu=neon' '-mthumb' '-march=armv7-a+simd']
  ignore line: [Linking C executable cmTC_8b666]
  ignore line: [/usr/bin/cmake -E cmake_link_script CMakeFiles/cmTC_8b666.dir/link.txt --verbose=1]
  ignore line: [/usr/local/vitasdk/bin/arm-vita-eabi-gcc  -Wl -q   -Wl -z nocopyreloc -v CMakeFiles/cmTC_8b666.dir/CMakeCCompilerABI.c.obj  -o cmTC_8b666 ]
  ignore line: [Using built-in specs.]
  ignore line: [COLLECT_GCC=/usr/local/vitasdk/bin/arm-vita-eabi-gcc]
  ignore line: [COLLECT_LTO_WRAPPER=/usr/local/vitasdk/bin/../lib/gcc/arm-vita-eabi/9.1.0/lto-wrapper]
  ignore line: [Target: arm-vita-eabi]
  ignore line: [Configured with: /home/travis/build/vitasdk/autobuilds/buildscripts/build/gcc-final-prefix/src/gcc-final/configure --build=x86_64-linux-gnu --host=x86_64-linux-gnu --target=arm-vita-eabi --prefix=/home/travis/build/vitasdk/autobuilds/buildscripts/build/vitasdk --libdir=/home/travis/build/vitasdk/autobuilds/buildscripts/build/vitasdk/lib --libexecdir=/home/travis/build/vitasdk/autobuilds/buildscripts/build/vitasdk/lib --with-sysroot=/home/travis/build/vitasdk/autobuilds/buildscripts/build/vitasdk/arm-vita-eabi --with-gmp=/home/travis/build/vitasdk/autobuilds/buildscripts/build/deps_build --with-mpfr=/home/travis/build/vitasdk/autobuilds/buildscripts/build/deps_build --with-mpc=/home/travis/build/vitasdk/autobuilds/buildscripts/build/deps_build --with-isl=/home/travis/build/vitasdk/autobuilds/buildscripts/build/deps_build --with-libelf=/home/travis/build/vitasdk/autobuilds/buildscripts/build/deps_build --with-python-dir=share/gcc-arm-vita-eabi --enable-languages=c,c++ --disable-decimal-float --disable-libffi --disable-libgomp --disable-libmudflap --disable-libquadmath --disable-libssp --disable-libstdcxx-pch --disable-nls --disable-shared --disable-tls --with-gnu-as --with-gnu-ld --with-newlib --disable-multilib --with-arch=armv7-a --with-tune=cortex-a9 --with-fpu=neon --with-float=hard --with-mode=thumb --with-pkgversion='GNU Tools for ARM Embedded Processors' --with-host-libstdcxx='-static-libgcc -Wl,-Bstatic,-lstdc++,-Bdynamic -lm' --with-headers=yes --enable-threads=posix CFLAGS=-DNO_IMPLICIT_EXTERN_C CXXFLAGS=-DNO_IMPLICIT_EXTERN_C]
  ignore line: [Thread model: posix]
  ignore line: [gcc version 9.1.0 (GNU Tools for ARM Embedded Processors) ]
  ignore line: [COMPILER_PATH=/usr/local/vitasdk/bin/../lib/gcc/arm-vita-eabi/9.1.0/:/usr/local/vitasdk/bin/../lib/gcc/:/usr/local/vitasdk/bin/../lib/gcc/arm-vita-eabi/9.1.0/../../../../arm-vita-eabi/bin/]
  ignore line: [LIBRARY_PATH=/usr/local/vitasdk/bin/../lib/gcc/arm-vita-eabi/9.1.0/:/usr/local/vitasdk/bin/../lib/gcc/:/usr/local/vitasdk/bin/../lib/gcc/arm-vita-eabi/9.1.0/../../../../arm-vita-eabi/lib/:/usr/local/vitasdk/bin/../arm-vita-eabi/lib/]
  ignore line: [COLLECT_GCC_OPTIONS='-v' '-o' 'cmTC_8b666'  '-mtune=cortex-a9' '-mfloat-abi=hard' '-mfpu=neon' '-mthumb' '-march=armv7-a+simd']
  link line: [ /usr/local/vitasdk/bin/../lib/gcc/arm-vita-eabi/9.1.0/collect2 -plugin /usr/local/vitasdk/bin/../lib/gcc/arm-vita-eabi/9.1.0/liblto_plugin.so -plugin-opt=/usr/local/vitasdk/bin/../lib/gcc/arm-vita-eabi/9.1.0/lto-wrapper -plugin-opt=-fresolution=/tmp/cckJSCyl.res -plugin-opt=-pass-through=-lgcc -plugin-opt=-pass-through=-lc -plugin-opt=-pass-through=-lSceRtc_stub -plugin-opt=-pass-through=-lSceSysmem_stub -plugin-opt=-pass-through=-lSceKernelThreadMgr_stub -plugin-opt=-pass-through=-lSceKernelModulemgr_stub -plugin-opt=-pass-through=-lSceIofilemgr_stub -plugin-opt=-pass-through=-lSceProcessmgr_stub -plugin-opt=-pass-through=-lSceLibKernel_stub -plugin-opt=-pass-through=-lSceNet_stub --sysroot=/usr/local/vitasdk/bin/../arm-vita-eabi -X -o cmTC_8b666 /usr/local/vitasdk/bin/../lib/gcc/arm-vita-eabi/9.1.0/crti.o /usr/local/vitasdk/bin/../lib/gcc/arm-vita-eabi/9.1.0/crtbegin.o /usr/local/vitasdk/bin/../lib/gcc/arm-vita-eabi/9.1.0/../../../../arm-vita-eabi/lib/crt0.o -L/usr/local/vitasdk/bin/../lib/gcc/arm-vita-eabi/9.1.0 -L/usr/local/vitasdk/bin/../lib/gcc -L/usr/local/vitasdk/bin/../lib/gcc/arm-vita-eabi/9.1.0/../../../../arm-vita-eabi/lib -L/usr/local/vitasdk/bin/../arm-vita-eabi/lib -q -z nocopyreloc CMakeFiles/cmTC_8b666.dir/CMakeCCompilerABI.c.obj --start-group -lgcc -lc -lSceRtc_stub -lSceSysmem_stub -lSceKernelThreadMgr_stub -lSceKernelModulemgr_stub -lSceIofilemgr_stub -lSceProcessmgr_stub -lSceLibKernel_stub -lSceNet_stub --end-group /usr/local/vitasdk/bin/../lib/gcc/arm-vita-eabi/9.1.0/crtend.o /usr/local/vitasdk/bin/../lib/gcc/arm-vita-eabi/9.1.0/crtn.o]
    arg [/usr/local/vitasdk/bin/../lib/gcc/arm-vita-eabi/9.1.0/collect2] ==> ignore
    arg [-plugin] ==> ignore
    arg [/usr/local/vitasdk/bin/../lib/gcc/arm-vita-eabi/9.1.0/liblto_plugin.so] ==> ignore
    arg [-plugin-opt=/usr/local/vitasdk/bin/../lib/gcc/arm-vita-eabi/9.1.0/lto-wrapper] ==> ignore
    arg [-plugin-opt=-fresolution=/tmp/cckJSCyl.res] ==> ignore
    arg [-plugin-opt=-pass-through=-lgcc] ==> ignore
    arg [-plugin-opt=-pass-through=-lc] ==> ignore
    arg [-plugin-opt=-pass-through=-lSceRtc_stub] ==> ignore
    arg [-plugin-opt=-pass-through=-lSceSysmem_stub] ==> ignore
    arg [-plugin-opt=-pass-through=-lSceKernelThreadMgr_stub] ==> ignore
    arg [-plugin-opt=-pass-through=-lSceKernelModulemgr_stub] ==> ignore
    arg [-plugin-opt=-pass-through=-lSceIofilemgr_stub] ==> ignore
    arg [-plugin-opt=-pass-through=-lSceProcessmgr_stub] ==> ignore
    arg [-plugin-opt=-pass-through=-lSceLibKernel_stub] ==> ignore
    arg [-plugin-opt=-pass-through=-lSceNet_stub] ==> ignore
    arg [--sysroot=/usr/local/vitasdk/bin/../arm-vita-eabi] ==> ignore
    arg [-X] ==> ignore
    arg [-o] ==> ignore
    arg [cmTC_8b666] ==> ignore
    arg [/usr/local/vitasdk/bin/../lib/gcc/arm-vita-eabi/9.1.0/crti.o] ==> ignore
    arg [/usr/local/vitasdk/bin/../lib/gcc/arm-vita-eabi/9.1.0/crtbegin.o] ==> ignore
    arg [/usr/local/vitasdk/bin/../lib/gcc/arm-vita-eabi/9.1.0/../../../../arm-vita-eabi/lib/crt0.o] ==> ignore
    arg [-L/usr/local/vitasdk/bin/../lib/gcc/arm-vita-eabi/9.1.0] ==> dir [/usr/local/vitasdk/bin/../lib/gcc/arm-vita-eabi/9.1.0]
    arg [-L/usr/local/vitasdk/bin/../lib/gcc] ==> dir [/usr/local/vitasdk/bin/../lib/gcc]
    arg [-L/usr/local/vitasdk/bin/../lib/gcc/arm-vita-eabi/9.1.0/../../../../arm-vita-eabi/lib] ==> dir [/usr/local/vitasdk/bin/../lib/gcc/arm-vita-eabi/9.1.0/../../../../arm-vita-eabi/lib]
    arg [-L/usr/local/vitasdk/bin/../arm-vita-eabi/lib] ==> dir [/usr/local/vitasdk/bin/../arm-vita-eabi/lib]
    arg [-q] ==> ignore
    arg [-znocopyreloc] ==> ignore
    arg [CMakeFiles/cmTC_8b666.dir/CMakeCCompilerABI.c.obj] ==> ignore
    arg [--start-group] ==> ignore
    arg [-lgcc] ==> lib [gcc]
    arg [-lc] ==> lib [c]
    arg [-lSceRtc_stub] ==> lib [SceRtc_stub]
    arg [-lSceSysmem_stub] ==> lib [SceSysmem_stub]
    arg [-lSceKernelThreadMgr_stub] ==> lib [SceKernelThreadMgr_stub]
    arg [-lSceKernelModulemgr_stub] ==> lib [SceKernelModulemgr_stub]
    arg [-lSceIofilemgr_stub] ==> lib [SceIofilemgr_stub]
    arg [-lSceProcessmgr_stub] ==> lib [SceProcessmgr_stub]
    arg [-lSceLibKernel_stub] ==> lib [SceLibKernel_stub]
    arg [-lSceNet_stub] ==> lib [SceNet_stub]
    arg [--end-group] ==> ignore
    arg [/usr/local/vitasdk/bin/../lib/gcc/arm-vita-eabi/9.1.0/crtend.o] ==> ignore
    arg [/usr/local/vitasdk/bin/../lib/gcc/arm-vita-eabi/9.1.0/crtn.o] ==> ignore
  collapse library dir [/usr/local/vitasdk/bin/../lib/gcc/arm-vita-eabi/9.1.0] ==> [/usr/local/vitasdk/lib/gcc/arm-vita-eabi/9.1.0]
  collapse library dir [/usr/local/vitasdk/bin/../lib/gcc] ==> [/usr/local/vitasdk/lib/gcc]
  collapse library dir [/usr/local/vitasdk/bin/../lib/gcc/arm-vita-eabi/9.1.0/../../../../arm-vita-eabi/lib] ==> [/usr/local/vitasdk/arm-vita-eabi/lib]
  collapse library dir [/usr/local/vitasdk/bin/../arm-vita-eabi/lib] ==> [/usr/local/vitasdk/arm-vita-eabi/lib]
  implicit libs: [gcc;c;SceRtc_stub;SceSysmem_stub;SceKernelThreadMgr_stub;SceKernelModulemgr_stub;SceIofilemgr_stub;SceProcessmgr_stub;SceLibKernel_stub;SceNet_stub]
  implicit dirs: [/usr/local/vitasdk/lib/gcc/arm-vita-eabi/9.1.0;/usr/local/vitasdk/lib/gcc;/usr/local/vitasdk/arm-vita-eabi/lib]
  implicit fwks: []


Determining if the CXX compiler works passed with the following output:
Change Dir: /home/rob/Projects/covid19-psvita-data/build/CMakeFiles/CMakeTmp

Run Build Command(s):/usr/bin/make cmTC_81e87/fast && /usr/bin/make -f CMakeFiles/cmTC_81e87.dir/build.make CMakeFiles/cmTC_81e87.dir/build
make[1]: Entering directory '/home/rob/Projects/covid19-psvita-data/build/CMakeFiles/CMakeTmp'
Building CXX object CMakeFiles/cmTC_81e87.dir/testCXXCompiler.cxx.obj
/usr/local/vitasdk/bin/arm-vita-eabi-g++    -Wl,-q    -o CMakeFiles/cmTC_81e87.dir/testCXXCompiler.cxx.obj -c /home/rob/Projects/covid19-psvita-data/build/CMakeFiles/CMakeTmp/testCXXCompiler.cxx
Linking CXX executable cmTC_81e87
/usr/bin/cmake -E cmake_link_script CMakeFiles/cmTC_81e87.dir/link.txt --verbose=1
/usr/local/vitasdk/bin/arm-vita-eabi-g++   -Wl,-q   -Wl,-z,nocopyreloc  CMakeFiles/cmTC_81e87.dir/testCXXCompiler.cxx.obj  -o cmTC_81e87 
make[1]: Leaving directory '/home/rob/Projects/covid19-psvita-data/build/CMakeFiles/CMakeTmp'



Detecting CXX compiler ABI info compiled with the following output:
Change Dir: /home/rob/Projects/covid19-psvita-data/build/CMakeFiles/CMakeTmp

Run Build Command(s):/usr/bin/make cmTC_96cfc/fast && /usr/bin/make -f CMakeFiles/cmTC_96cfc.dir/build.make CMakeFiles/cmTC_96cfc.dir/build
make[1]: Entering directory '/home/rob/Projects/covid19-psvita-data/build/CMakeFiles/CMakeTmp'
Building CXX object CMakeFiles/cmTC_96cfc.dir/CMakeCXXCompilerABI.cpp.obj
/usr/local/vitasdk/bin/arm-vita-eabi-g++    -Wl,-q    -v -o CMakeFiles/cmTC_96cfc.dir/CMakeCXXCompilerABI.cpp.obj -c /usr/share/cmake-3.17/Modules/CMakeCXXCompilerABI.cpp
Using built-in specs.
COLLECT_GCC=/usr/local/vitasdk/bin/arm-vita-eabi-g++
Target: arm-vita-eabi
Configured with: /home/travis/build/vitasdk/autobuilds/buildscripts/build/gcc-final-prefix/src/gcc-final/configure --build=x86_64-linux-gnu --host=x86_64-linux-gnu --target=arm-vita-eabi --prefix=/home/travis/build/vitasdk/autobuilds/buildscripts/build/vitasdk --libdir=/home/travis/build/vitasdk/autobuilds/buildscripts/build/vitasdk/lib --libexecdir=/home/travis/build/vitasdk/autobuilds/buildscripts/build/vitasdk/lib --with-sysroot=/home/travis/build/vitasdk/autobuilds/buildscripts/build/vitasdk/arm-vita-eabi --with-gmp=/home/travis/build/vitasdk/autobuilds/buildscripts/build/deps_build --with-mpfr=/home/travis/build/vitasdk/autobuilds/buildscripts/build/deps_build --with-mpc=/home/travis/build/vitasdk/autobuilds/buildscripts/build/deps_build --with-isl=/home/travis/build/vitasdk/autobuilds/buildscripts/build/deps_build --with-libelf=/home/travis/build/vitasdk/autobuilds/buildscripts/build/deps_build --with-python-dir=share/gcc-arm-vita-eabi --enable-languages=c,c++ --disable-decimal-float --disable-libffi --disable-libgomp --disable-libmudflap --disable-libquadmath --disable-libssp --disable-libstdcxx-pch --disable-nls --disable-shared --disable-tls --with-gnu-as --with-gnu-ld --with-newlib --disable-multilib --with-arch=armv7-a --with-tune=cortex-a9 --with-fpu=neon --with-float=hard --with-mode=thumb --with-pkgversion='GNU Tools for ARM Embedded Processors' --with-host-libstdcxx='-static-libgcc -Wl,-Bstatic,-lstdc++,-Bdynamic -lm' --with-headers=yes --enable-threads=posix CFLAGS=-DNO_IMPLICIT_EXTERN_C CXXFLAGS=-DNO_IMPLICIT_EXTERN_C
Thread model: posix
gcc version 9.1.0 (GNU Tools for ARM Embedded Processors) 
COLLECT_GCC_OPTIONS='-v' '-o' 'CMakeFiles/cmTC_96cfc.dir/CMakeCXXCompilerABI.cpp.obj' '-c'  '-mtune=cortex-a9' '-mfloat-abi=hard' '-mfpu=neon' '-mthumb' '-march=armv7-a+simd'
 /usr/local/vitasdk/bin/../lib/gcc/arm-vita-eabi/9.1.0/cc1plus -quiet -v -iprefix /usr/local/vitasdk/bin/../lib/gcc/arm-vita-eabi/9.1.0/ -isysroot /usr/local/vitasdk/bin/../arm-vita-eabi -D__USES_INITFINI__ /usr/share/cmake-3.17/Modules/CMakeCXXCompilerABI.cpp -quiet -dumpbase CMakeCXXCompilerABI.cpp -mtune=cortex-a9 -mfloat-abi=hard -mfpu=neon -mthumb -march=armv7-a+simd -auxbase-strip CMakeFiles/cmTC_96cfc.dir/CMakeCXXCompilerABI.cpp.obj -version -o /tmp/ccABl69A.s
GNU C++14 (GNU Tools for ARM Embedded Processors) version 9.1.0 (arm-vita-eabi)
	compiled by GNU C version 4.8.4, GMP version 6.1.2, MPFR version 4.0.2, MPC version 1.1.0, isl version isl-0.21-GMP

GGC heuristics: --param ggc-min-expand=100 --param ggc-min-heapsize=131072
ignoring duplicate directory "/usr/local/vitasdk/bin/../lib/gcc/../../lib/gcc/arm-vita-eabi/9.1.0/../../../../arm-vita-eabi/include/c++/9.1.0"
ignoring duplicate directory "/usr/local/vitasdk/bin/../lib/gcc/../../lib/gcc/arm-vita-eabi/9.1.0/../../../../arm-vita-eabi/include/c++/9.1.0/arm-vita-eabi"
ignoring duplicate directory "/usr/local/vitasdk/bin/../lib/gcc/../../lib/gcc/arm-vita-eabi/9.1.0/../../../../arm-vita-eabi/include/c++/9.1.0/backward"
ignoring duplicate directory "/usr/local/vitasdk/bin/../lib/gcc/../../lib/gcc/arm-vita-eabi/9.1.0/include"
ignoring nonexistent directory "/usr/local/vitasdk/bin/../arm-vita-eabi/usr/local/include"
ignoring duplicate directory "/usr/local/vitasdk/bin/../lib/gcc/../../lib/gcc/arm-vita-eabi/9.1.0/include-fixed"
ignoring duplicate directory "/usr/local/vitasdk/bin/../lib/gcc/../../lib/gcc/arm-vita-eabi/9.1.0/../../../../arm-vita-eabi/include"
ignoring nonexistent directory "/usr/local/vitasdk/bin/../arm-vita-eabi/usr/include"
#include "..." search starts here:
#include <...> search starts here:
 /usr/local/vitasdk/bin/../lib/gcc/arm-vita-eabi/9.1.0/../../../../arm-vita-eabi/include/c++/9.1.0
 /usr/local/vitasdk/bin/../lib/gcc/arm-vita-eabi/9.1.0/../../../../arm-vita-eabi/include/c++/9.1.0/arm-vita-eabi
 /usr/local/vitasdk/bin/../lib/gcc/arm-vita-eabi/9.1.0/../../../../arm-vita-eabi/include/c++/9.1.0/backward
 /usr/local/vitasdk/bin/../lib/gcc/arm-vita-eabi/9.1.0/include
 /usr/local/vitasdk/bin/../lib/gcc/arm-vita-eabi/9.1.0/include-fixed
 /usr/local/vitasdk/bin/../lib/gcc/arm-vita-eabi/9.1.0/../../../../arm-vita-eabi/include
End of search list.
GNU C++14 (GNU Tools for ARM Embedded Processors) version 9.1.0 (arm-vita-eabi)
	compiled by GNU C version 4.8.4, GMP version 6.1.2, MPFR version 4.0.2, MPC version 1.1.0, isl version isl-0.21-GMP

GGC heuristics: --param ggc-min-expand=100 --param ggc-min-heapsize=131072
Compiler executable checksum: 2cb09de4f8ddf255abc9b8ad727d2ddb
COLLECT_GCC_OPTIONS='-v' '-o' 'CMakeFiles/cmTC_96cfc.dir/CMakeCXXCompilerABI.cpp.obj' '-c'  '-mtune=cortex-a9' '-mfloat-abi=hard' '-mfpu=neon' '-mthumb' '-march=armv7-a+simd'
 /usr/local/vitasdk/bin/../lib/gcc/arm-vita-eabi/9.1.0/../../../../arm-vita-eabi/bin/as -v -march=armv7-a -mfloat-abi=hard -mfpu=neon -meabi=5 -o CMakeFiles/cmTC_96cfc.dir/CMakeCXXCompilerABI.cpp.obj /tmp/ccABl69A.s
GNU assembler version 2.32 (arm-vita-eabi) using BFD version (GNU Tools for ARM Embedded Processors) 2.32
COMPILER_PATH=/usr/local/vitasdk/bin/../lib/gcc/arm-vita-eabi/9.1.0/:/usr/local/vitasdk/bin/../lib/gcc/:/usr/local/vitasdk/bin/../lib/gcc/arm-vita-eabi/9.1.0/../../../../arm-vita-eabi/bin/
LIBRARY_PATH=/usr/local/vitasdk/bin/../lib/gcc/arm-vita-eabi/9.1.0/:/usr/local/vitasdk/bin/../lib/gcc/:/usr/local/vitasdk/bin/../lib/gcc/arm-vita-eabi/9.1.0/../../../../arm-vita-eabi/lib/:/usr/local/vitasdk/bin/../arm-vita-eabi/lib/
COLLECT_GCC_OPTIONS='-v' '-o' 'CMakeFiles/cmTC_96cfc.dir/CMakeCXXCompilerABI.cpp.obj' '-c'  '-mtune=cortex-a9' '-mfloat-abi=hard' '-mfpu=neon' '-mthumb' '-march=armv7-a+simd'
Linking CXX executable cmTC_96cfc
/usr/bin/cmake -E cmake_link_script CMakeFiles/cmTC_96cfc.dir/link.txt --verbose=1
/usr/local/vitasdk/bin/arm-vita-eabi-g++   -Wl,-q   -Wl,-z,nocopyreloc -v CMakeFiles/cmTC_96cfc.dir/CMakeCXXCompilerABI.cpp.obj  -o cmTC_96cfc 
Using built-in specs.
COLLECT_GCC=/usr/local/vitasdk/bin/arm-vita-eabi-g++
COLLECT_LTO_WRAPPER=/usr/local/vitasdk/bin/../lib/gcc/arm-vita-eabi/9.1.0/lto-wrapper
Target: arm-vita-eabi
Configured with: /home/travis/build/vitasdk/autobuilds/buildscripts/build/gcc-final-prefix/src/gcc-final/configure --build=x86_64-linux-gnu --host=x86_64-linux-gnu --target=arm-vita-eabi --prefix=/home/travis/build/vitasdk/autobuilds/buildscripts/build/vitasdk --libdir=/home/travis/build/vitasdk/autobuilds/buildscripts/build/vitasdk/lib --libexecdir=/home/travis/build/vitasdk/autobuilds/buildscripts/build/vitasdk/lib --with-sysroot=/home/travis/build/vitasdk/autobuilds/buildscripts/build/vitasdk/arm-vita-eabi --with-gmp=/home/travis/build/vitasdk/autobuilds/buildscripts/build/deps_build --with-mpfr=/home/travis/build/vitasdk/autobuilds/buildscripts/build/deps_build --with-mpc=/home/travis/build/vitasdk/autobuilds/buildscripts/build/deps_build --with-isl=/home/travis/build/vitasdk/autobuilds/buildscripts/build/deps_build --with-libelf=/home/travis/build/vitasdk/autobuilds/buildscripts/build/deps_build --with-python-dir=share/gcc-arm-vita-eabi --enable-languages=c,c++ --disable-decimal-float --disable-libffi --disable-libgomp --disable-libmudflap --disable-libquadmath --disable-libssp --disable-libstdcxx-pch --disable-nls --disable-shared --disable-tls --with-gnu-as --with-gnu-ld --with-newlib --disable-multilib --with-arch=armv7-a --with-tune=cortex-a9 --with-fpu=neon --with-float=hard --with-mode=thumb --with-pkgversion='GNU Tools for ARM Embedded Processors' --with-host-libstdcxx='-static-libgcc -Wl,-Bstatic,-lstdc++,-Bdynamic -lm' --with-headers=yes --enable-threads=posix CFLAGS=-DNO_IMPLICIT_EXTERN_C CXXFLAGS=-DNO_IMPLICIT_EXTERN_C
Thread model: posix
gcc version 9.1.0 (GNU Tools for ARM Embedded Processors) 
COMPILER_PATH=/usr/local/vitasdk/bin/../lib/gcc/arm-vita-eabi/9.1.0/:/usr/local/vitasdk/bin/../lib/gcc/:/usr/local/vitasdk/bin/../lib/gcc/arm-vita-eabi/9.1.0/../../../../arm-vita-eabi/bin/
LIBRARY_PATH=/usr/local/vitasdk/bin/../lib/gcc/arm-vita-eabi/9.1.0/:/usr/local/vitasdk/bin/../lib/gcc/:/usr/local/vitasdk/bin/../lib/gcc/arm-vita-eabi/9.1.0/../../../../arm-vita-eabi/lib/:/usr/local/vitasdk/bin/../arm-vita-eabi/lib/
COLLECT_GCC_OPTIONS='-v' '-o' 'cmTC_96cfc'  '-mtune=cortex-a9' '-mfloat-abi=hard' '-mfpu=neon' '-mthumb' '-march=armv7-a+simd'
 /usr/local/vitasdk/bin/../lib/gcc/arm-vita-eabi/9.1.0/collect2 -plugin /usr/local/vitasdk/bin/../lib/gcc/arm-vita-eabi/9.1.0/liblto_plugin.so -plugin-opt=/usr/local/vitasdk/bin/../lib/gcc/arm-vita-eabi/9.1.0/lto-wrapper -plugin-opt=-fresolution=/tmp/ccDVZXf1.res -plugin-opt=-pass-through=-lgcc -plugin-opt=-pass-through=-lc -plugin-opt=-pass-through=-lSceRtc_stub -plugin-opt=-pass-through=-lSceSysmem_stub -plugin-opt=-pass-through=-lSceKernelThreadMgr_stub -plugin-opt=-pass-through=-lSceKernelModulemgr_stub -plugin-opt=-pass-through=-lSceIofilemgr_stub -plugin-opt=-pass-through=-lSceProcessmgr_stub -plugin-opt=-pass-through=-lSceLibKernel_stub -plugin-opt=-pass-through=-lSceNet_stub --sysroot=/usr/local/vitasdk/bin/../arm-vita-eabi -X -o cmTC_96cfc /usr/local/vitasdk/bin/../lib/gcc/arm-vita-eabi/9.1.0/crti.o /usr/local/vitasdk/bin/../lib/gcc/arm-vita-eabi/9.1.0/crtbegin.o /usr/local/vitasdk/bin/../lib/gcc/arm-vita-eabi/9.1.0/../../../../arm-vita-eabi/lib/crt0.o -L/usr/local/vitasdk/bin/../lib/gcc/arm-vita-eabi/9.1.0 -L/usr/local/vitasdk/bin/../lib/gcc -L/usr/local/vitasdk/bin/../lib/gcc/arm-vita-eabi/9.1.0/../../../../arm-vita-eabi/lib -L/usr/local/vitasdk/bin/../arm-vita-eabi/lib -q -z nocopyreloc CMakeFiles/cmTC_96cfc.dir/CMakeCXXCompilerABI.cpp.obj -lstdc++ -lm --start-group -lgcc -lc -lSceRtc_stub -lSceSysmem_stub -lSceKernelThreadMgr_stub -lSceKernelModulemgr_stub -lSceIofilemgr_stub -lSceProcessmgr_stub -lSceLibKernel_stub -lSceNet_stub --end-group /usr/local/vitasdk/bin/../lib/gcc/arm-vita-eabi/9.1.0/crtend.o /usr/local/vitasdk/bin/../lib/gcc/arm-vita-eabi/9.1.0/crtn.o
COLLECT_GCC_OPTIONS='-v' '-o' 'cmTC_96cfc'  '-mtune=cortex-a9' '-mfloat-abi=hard' '-mfpu=neon' '-mthumb' '-march=armv7-a+simd'
make[1]: Leaving directory '/home/rob/Projects/covid19-psvita-data/build/CMakeFiles/CMakeTmp'



Parsed CXX implicit include dir info from above output: rv=done
  found start of include info
  found start of implicit include info
    add: [/usr/local/vitasdk/bin/../lib/gcc/arm-vita-eabi/9.1.0/../../../../arm-vita-eabi/include/c++/9.1.0]
    add: [/usr/local/vitasdk/bin/../lib/gcc/arm-vita-eabi/9.1.0/../../../../arm-vita-eabi/include/c++/9.1.0/arm-vita-eabi]
    add: [/usr/local/vitasdk/bin/../lib/gcc/arm-vita-eabi/9.1.0/../../../../arm-vita-eabi/include/c++/9.1.0/backward]
    add: [/usr/local/vitasdk/bin/../lib/gcc/arm-vita-eabi/9.1.0/include]
    add: [/usr/local/vitasdk/bin/../lib/gcc/arm-vita-eabi/9.1.0/include-fixed]
    add: [/usr/local/vitasdk/bin/../lib/gcc/arm-vita-eabi/9.1.0/../../../../arm-vita-eabi/include]
  end of search list found
  collapse include dir [/usr/local/vitasdk/bin/../lib/gcc/arm-vita-eabi/9.1.0/../../../../arm-vita-eabi/include/c++/9.1.0] ==> [/usr/local/vitasdk/arm-vita-eabi/include/c++/9.1.0]
  collapse include dir [/usr/local/vitasdk/bin/../lib/gcc/arm-vita-eabi/9.1.0/../../../../arm-vita-eabi/include/c++/9.1.0/arm-vita-eabi] ==> [/usr/local/vitasdk/arm-vita-eabi/include/c++/9.1.0/arm-vita-eabi]
  collapse include dir [/usr/local/vitasdk/bin/../lib/gcc/arm-vita-eabi/9.1.0/../../../../arm-vita-eabi/include/c++/9.1.0/backward] ==> [/usr/local/vitasdk/arm-vita-eabi/include/c++/9.1.0/backward]
  collapse include dir [/usr/local/vitasdk/bin/../lib/gcc/arm-vita-eabi/9.1.0/include] ==> [/usr/local/vitasdk/lib/gcc/arm-vita-eabi/9.1.0/include]
  collapse include dir [/usr/local/vitasdk/bin/../lib/gcc/arm-vita-eabi/9.1.0/include-fixed] ==> [/usr/local/vitasdk/lib/gcc/arm-vita-eabi/9.1.0/include-fixed]
  collapse include dir [/usr/local/vitasdk/bin/../lib/gcc/arm-vita-eabi/9.1.0/../../../../arm-vita-eabi/include] ==> [/usr/local/vitasdk/arm-vita-eabi/include]
  implicit include dirs: [/usr/local/vitasdk/arm-vita-eabi/include/c++/9.1.0;/usr/local/vitasdk/arm-vita-eabi/include/c++/9.1.0/arm-vita-eabi;/usr/local/vitasdk/arm-vita-eabi/include/c++/9.1.0/backward;/usr/local/vitasdk/lib/gcc/arm-vita-eabi/9.1.0/include;/usr/local/vitasdk/lib/gcc/arm-vita-eabi/9.1.0/include-fixed;/usr/local/vitasdk/arm-vita-eabi/include]


Parsed CXX implicit link information from above output:
  link line regex: [^( *|.*[/\])(arm-vita-eabi-ld|CMAKE_LINK_STARTFILE-NOTFOUND|([^/\]+-)?ld|collect2)[^/\]*( |$)]
  ignore line: [Change Dir: /home/rob/Projects/covid19-psvita-data/build/CMakeFiles/CMakeTmp]
  ignore line: []
  ignore line: [Run Build Command(s):/usr/bin/make cmTC_96cfc/fast && /usr/bin/make -f CMakeFiles/cmTC_96cfc.dir/build.make CMakeFiles/cmTC_96cfc.dir/build]
  ignore line: [make[1]: Entering directory '/home/rob/Projects/covid19-psvita-data/build/CMakeFiles/CMakeTmp']
  ignore line: [Building CXX object CMakeFiles/cmTC_96cfc.dir/CMakeCXXCompilerABI.cpp.obj]
  ignore line: [/usr/local/vitasdk/bin/arm-vita-eabi-g++    -Wl -q    -v -o CMakeFiles/cmTC_96cfc.dir/CMakeCXXCompilerABI.cpp.obj -c /usr/share/cmake-3.17/Modules/CMakeCXXCompilerABI.cpp]
  ignore line: [Using built-in specs.]
  ignore line: [COLLECT_GCC=/usr/local/vitasdk/bin/arm-vita-eabi-g++]
  ignore line: [Target: arm-vita-eabi]
  ignore line: [Configured with: /home/travis/build/vitasdk/autobuilds/buildscripts/build/gcc-final-prefix/src/gcc-final/configure --build=x86_64-linux-gnu --host=x86_64-linux-gnu --target=arm-vita-eabi --prefix=/home/travis/build/vitasdk/autobuilds/buildscripts/build/vitasdk --libdir=/home/travis/build/vitasdk/autobuilds/buildscripts/build/vitasdk/lib --libexecdir=/home/travis/build/vitasdk/autobuilds/buildscripts/build/vitasdk/lib --with-sysroot=/home/travis/build/vitasdk/autobuilds/buildscripts/build/vitasdk/arm-vita-eabi --with-gmp=/home/travis/build/vitasdk/autobuilds/buildscripts/build/deps_build --with-mpfr=/home/travis/build/vitasdk/autobuilds/buildscripts/build/deps_build --with-mpc=/home/travis/build/vitasdk/autobuilds/buildscripts/build/deps_build --with-isl=/home/travis/build/vitasdk/autobuilds/buildscripts/build/deps_build --with-libelf=/home/travis/build/vitasdk/autobuilds/buildscripts/build/deps_build --with-python-dir=share/gcc-arm-vita-eabi --enable-languages=c,c++ --disable-decimal-float --disable-libffi --disable-libgomp --disable-libmudflap --disable-libquadmath --disable-libssp --disable-libstdcxx-pch --disable-nls --disable-shared --disable-tls --with-gnu-as --with-gnu-ld --with-newlib --disable-multilib --with-arch=armv7-a --with-tune=cortex-a9 --with-fpu=neon --with-float=hard --with-mode=thumb --with-pkgversion='GNU Tools for ARM Embedded Processors' --with-host-libstdcxx='-static-libgcc -Wl,-Bstatic,-lstdc++,-Bdynamic -lm' --with-headers=yes --enable-threads=posix CFLAGS=-DNO_IMPLICIT_EXTERN_C CXXFLAGS=-DNO_IMPLICIT_EXTERN_C]
  ignore line: [Thread model: posix]
  ignore line: [gcc version 9.1.0 (GNU Tools for ARM Embedded Processors) ]
  ignore line: [COLLECT_GCC_OPTIONS='-v' '-o' 'CMakeFiles/cmTC_96cfc.dir/CMakeCXXCompilerABI.cpp.obj' '-c'  '-mtune=cortex-a9' '-mfloat-abi=hard' '-mfpu=neon' '-mthumb' '-march=armv7-a+simd']
  ignore line: [ /usr/local/vitasdk/bin/../lib/gcc/arm-vita-eabi/9.1.0/cc1plus -quiet -v -iprefix /usr/local/vitasdk/bin/../lib/gcc/arm-vita-eabi/9.1.0/ -isysroot /usr/local/vitasdk/bin/../arm-vita-eabi -D__USES_INITFINI__ /usr/share/cmake-3.17/Modules/CMakeCXXCompilerABI.cpp -quiet -dumpbase CMakeCXXCompilerABI.cpp -mtune=cortex-a9 -mfloat-abi=hard -mfpu=neon -mthumb -march=armv7-a+simd -auxbase-strip CMakeFiles/cmTC_96cfc.dir/CMakeCXXCompilerABI.cpp.obj -version -o /tmp/ccABl69A.s]
  ignore line: [GNU C++14 (GNU Tools for ARM Embedded Processors) version 9.1.0 (arm-vita-eabi)]
  ignore line: [	compiled by GNU C version 4.8.4  GMP version 6.1.2  MPFR version 4.0.2  MPC version 1.1.0  isl version isl-0.21-GMP]
  ignore line: []
  ignore line: [GGC heuristics: --param ggc-min-expand=100 --param ggc-min-heapsize=131072]
  ignore line: [ignoring duplicate directory "/usr/local/vitasdk/bin/../lib/gcc/../../lib/gcc/arm-vita-eabi/9.1.0/../../../../arm-vita-eabi/include/c++/9.1.0"]
  ignore line: [ignoring duplicate directory "/usr/local/vitasdk/bin/../lib/gcc/../../lib/gcc/arm-vita-eabi/9.1.0/../../../../arm-vita-eabi/include/c++/9.1.0/arm-vita-eabi"]
  ignore line: [ignoring duplicate directory "/usr/local/vitasdk/bin/../lib/gcc/../../lib/gcc/arm-vita-eabi/9.1.0/../../../../arm-vita-eabi/include/c++/9.1.0/backward"]
  ignore line: [ignoring duplicate directory "/usr/local/vitasdk/bin/../lib/gcc/../../lib/gcc/arm-vita-eabi/9.1.0/include"]
  ignore line: [ignoring nonexistent directory "/usr/local/vitasdk/bin/../arm-vita-eabi/usr/local/include"]
  ignore line: [ignoring duplicate directory "/usr/local/vitasdk/bin/../lib/gcc/../../lib/gcc/arm-vita-eabi/9.1.0/include-fixed"]
  ignore line: [ignoring duplicate directory "/usr/local/vitasdk/bin/../lib/gcc/../../lib/gcc/arm-vita-eabi/9.1.0/../../../../arm-vita-eabi/include"]
  ignore line: [ignoring nonexistent directory "/usr/local/vitasdk/bin/../arm-vita-eabi/usr/include"]
  ignore line: [#include "..." search starts here:]
  ignore line: [#include <...> search starts here:]
  ignore line: [ /usr/local/vitasdk/bin/../lib/gcc/arm-vita-eabi/9.1.0/../../../../arm-vita-eabi/include/c++/9.1.0]
  ignore line: [ /usr/local/vitasdk/bin/../lib/gcc/arm-vita-eabi/9.1.0/../../../../arm-vita-eabi/include/c++/9.1.0/arm-vita-eabi]
  ignore line: [ /usr/local/vitasdk/bin/../lib/gcc/arm-vita-eabi/9.1.0/../../../../arm-vita-eabi/include/c++/9.1.0/backward]
  ignore line: [ /usr/local/vitasdk/bin/../lib/gcc/arm-vita-eabi/9.1.0/include]
  ignore line: [ /usr/local/vitasdk/bin/../lib/gcc/arm-vita-eabi/9.1.0/include-fixed]
  ignore line: [ /usr/local/vitasdk/bin/../lib/gcc/arm-vita-eabi/9.1.0/../../../../arm-vita-eabi/include]
  ignore line: [End of search list.]
  ignore line: [GNU C++14 (GNU Tools for ARM Embedded Processors) version 9.1.0 (arm-vita-eabi)]
  ignore line: [	compiled by GNU C version 4.8.4  GMP version 6.1.2  MPFR version 4.0.2  MPC version 1.1.0  isl version isl-0.21-GMP]
  ignore line: []
  ignore line: [GGC heuristics: --param ggc-min-expand=100 --param ggc-min-heapsize=131072]
  ignore line: [Compiler executable checksum: 2cb09de4f8ddf255abc9b8ad727d2ddb]
  ignore line: [COLLECT_GCC_OPTIONS='-v' '-o' 'CMakeFiles/cmTC_96cfc.dir/CMakeCXXCompilerABI.cpp.obj' '-c'  '-mtune=cortex-a9' '-mfloat-abi=hard' '-mfpu=neon' '-mthumb' '-march=armv7-a+simd']
  ignore line: [ /usr/local/vitasdk/bin/../lib/gcc/arm-vita-eabi/9.1.0/../../../../arm-vita-eabi/bin/as -v -march=armv7-a -mfloat-abi=hard -mfpu=neon -meabi=5 -o CMakeFiles/cmTC_96cfc.dir/CMakeCXXCompilerABI.cpp.obj /tmp/ccABl69A.s]
  ignore line: [GNU assembler version 2.32 (arm-vita-eabi) using BFD version (GNU Tools for ARM Embedded Processors) 2.32]
  ignore line: [COMPILER_PATH=/usr/local/vitasdk/bin/../lib/gcc/arm-vita-eabi/9.1.0/:/usr/local/vitasdk/bin/../lib/gcc/:/usr/local/vitasdk/bin/../lib/gcc/arm-vita-eabi/9.1.0/../../../../arm-vita-eabi/bin/]
  ignore line: [LIBRARY_PATH=/usr/local/vitasdk/bin/../lib/gcc/arm-vita-eabi/9.1.0/:/usr/local/vitasdk/bin/../lib/gcc/:/usr/local/vitasdk/bin/../lib/gcc/arm-vita-eabi/9.1.0/../../../../arm-vita-eabi/lib/:/usr/local/vitasdk/bin/../arm-vita-eabi/lib/]
  ignore line: [COLLECT_GCC_OPTIONS='-v' '-o' 'CMakeFiles/cmTC_96cfc.dir/CMakeCXXCompilerABI.cpp.obj' '-c'  '-mtune=cortex-a9' '-mfloat-abi=hard' '-mfpu=neon' '-mthumb' '-march=armv7-a+simd']
  ignore line: [Linking CXX executable cmTC_96cfc]
  ignore line: [/usr/bin/cmake -E cmake_link_script CMakeFiles/cmTC_96cfc.dir/link.txt --verbose=1]
  ignore line: [/usr/local/vitasdk/bin/arm-vita-eabi-g++   -Wl -q   -Wl -z nocopyreloc -v CMakeFiles/cmTC_96cfc.dir/CMakeCXXCompilerABI.cpp.obj  -o cmTC_96cfc ]
  ignore line: [Using built-in specs.]
  ignore line: [COLLECT_GCC=/usr/local/vitasdk/bin/arm-vita-eabi-g++]
  ignore line: [COLLECT_LTO_WRAPPER=/usr/local/vitasdk/bin/../lib/gcc/arm-vita-eabi/9.1.0/lto-wrapper]
  ignore line: [Target: arm-vita-eabi]
  ignore line: [Configured with: /home/travis/build/vitasdk/autobuilds/buildscripts/build/gcc-final-prefix/src/gcc-final/configure --build=x86_64-linux-gnu --host=x86_64-linux-gnu --target=arm-vita-eabi --prefix=/home/travis/build/vitasdk/autobuilds/buildscripts/build/vitasdk --libdir=/home/travis/build/vitasdk/autobuilds/buildscripts/build/vitasdk/lib --libexecdir=/home/travis/build/vitasdk/autobuilds/buildscripts/build/vitasdk/lib --with-sysroot=/home/travis/build/vitasdk/autobuilds/buildscripts/build/vitasdk/arm-vita-eabi --with-gmp=/home/travis/build/vitasdk/autobuilds/buildscripts/build/deps_build --with-mpfr=/home/travis/build/vitasdk/autobuilds/buildscripts/build/deps_build --with-mpc=/home/travis/build/vitasdk/autobuilds/buildscripts/build/deps_build --with-isl=/home/travis/build/vitasdk/autobuilds/buildscripts/build/deps_build --with-libelf=/home/travis/build/vitasdk/autobuilds/buildscripts/build/deps_build --with-python-dir=share/gcc-arm-vita-eabi --enable-languages=c,c++ --disable-decimal-float --disable-libffi --disable-libgomp --disable-libmudflap --disable-libquadmath --disable-libssp --disable-libstdcxx-pch --disable-nls --disable-shared --disable-tls --with-gnu-as --with-gnu-ld --with-newlib --disable-multilib --with-arch=armv7-a --with-tune=cortex-a9 --with-fpu=neon --with-float=hard --with-mode=thumb --with-pkgversion='GNU Tools for ARM Embedded Processors' --with-host-libstdcxx='-static-libgcc -Wl,-Bstatic,-lstdc++,-Bdynamic -lm' --with-headers=yes --enable-threads=posix CFLAGS=-DNO_IMPLICIT_EXTERN_C CXXFLAGS=-DNO_IMPLICIT_EXTERN_C]
  ignore line: [Thread model: posix]
  ignore line: [gcc version 9.1.0 (GNU Tools for ARM Embedded Processors) ]
  ignore line: [COMPILER_PATH=/usr/local/vitasdk/bin/../lib/gcc/arm-vita-eabi/9.1.0/:/usr/local/vitasdk/bin/../lib/gcc/:/usr/local/vitasdk/bin/../lib/gcc/arm-vita-eabi/9.1.0/../../../../arm-vita-eabi/bin/]
  ignore line: [LIBRARY_PATH=/usr/local/vitasdk/bin/../lib/gcc/arm-vita-eabi/9.1.0/:/usr/local/vitasdk/bin/../lib/gcc/:/usr/local/vitasdk/bin/../lib/gcc/arm-vita-eabi/9.1.0/../../../../arm-vita-eabi/lib/:/usr/local/vitasdk/bin/../arm-vita-eabi/lib/]
  ignore line: [COLLECT_GCC_OPTIONS='-v' '-o' 'cmTC_96cfc'  '-mtune=cortex-a9' '-mfloat-abi=hard' '-mfpu=neon' '-mthumb' '-march=armv7-a+simd']
  link line: [ /usr/local/vitasdk/bin/../lib/gcc/arm-vita-eabi/9.1.0/collect2 -plugin /usr/local/vitasdk/bin/../lib/gcc/arm-vita-eabi/9.1.0/liblto_plugin.so -plugin-opt=/usr/local/vitasdk/bin/../lib/gcc/arm-vita-eabi/9.1.0/lto-wrapper -plugin-opt=-fresolution=/tmp/ccDVZXf1.res -plugin-opt=-pass-through=-lgcc -plugin-opt=-pass-through=-lc -plugin-opt=-pass-through=-lSceRtc_stub -plugin-opt=-pass-through=-lSceSysmem_stub -plugin-opt=-pass-through=-lSceKernelThreadMgr_stub -plugin-opt=-pass-through=-lSceKernelModulemgr_stub -plugin-opt=-pass-through=-lSceIofilemgr_stub -plugin-opt=-pass-through=-lSceProcessmgr_stub -plugin-opt=-pass-through=-lSceLibKernel_stub -plugin-opt=-pass-through=-lSceNet_stub --sysroot=/usr/local/vitasdk/bin/../arm-vita-eabi -X -o cmTC_96cfc /usr/local/vitasdk/bin/../lib/gcc/arm-vita-eabi/9.1.0/crti.o /usr/local/vitasdk/bin/../lib/gcc/arm-vita-eabi/9.1.0/crtbegin.o /usr/local/vitasdk/bin/../lib/gcc/arm-vita-eabi/9.1.0/../../../../arm-vita-eabi/lib/crt0.o -L/usr/local/vitasdk/bin/../lib/gcc/arm-vita-eabi/9.1.0 -L/usr/local/vitasdk/bin/../lib/gcc -L/usr/local/vitasdk/bin/../lib/gcc/arm-vita-eabi/9.1.0/../../../../arm-vita-eabi/lib -L/usr/local/vitasdk/bin/../arm-vita-eabi/lib -q -z nocopyreloc CMakeFiles/cmTC_96cfc.dir/CMakeCXXCompilerABI.cpp.obj -lstdc++ -lm --start-group -lgcc -lc -lSceRtc_stub -lSceSysmem_stub -lSceKernelThreadMgr_stub -lSceKernelModulemgr_stub -lSceIofilemgr_stub -lSceProcessmgr_stub -lSceLibKernel_stub -lSceNet_stub --end-group /usr/local/vitasdk/bin/../lib/gcc/arm-vita-eabi/9.1.0/crtend.o /usr/local/vitasdk/bin/../lib/gcc/arm-vita-eabi/9.1.0/crtn.o]
    arg [/usr/local/vitasdk/bin/../lib/gcc/arm-vita-eabi/9.1.0/collect2] ==> ignore
    arg [-plugin] ==> ignore
    arg [/usr/local/vitasdk/bin/../lib/gcc/arm-vita-eabi/9.1.0/liblto_plugin.so] ==> ignore
    arg [-plugin-opt=/usr/local/vitasdk/bin/../lib/gcc/arm-vita-eabi/9.1.0/lto-wrapper] ==> ignore
    arg [-plugin-opt=-fresolution=/tmp/ccDVZXf1.res] ==> ignore
    arg [-plugin-opt=-pass-through=-lgcc] ==> ignore
    arg [-plugin-opt=-pass-through=-lc] ==> ignore
    arg [-plugin-opt=-pass-through=-lSceRtc_stub] ==> ignore
    arg [-plugin-opt=-pass-through=-lSceSysmem_stub] ==> ignore
    arg [-plugin-opt=-pass-through=-lSceKernelThreadMgr_stub] ==> ignore
    arg [-plugin-opt=-pass-through=-lSceKernelModulemgr_stub] ==> ignore
    arg [-plugin-opt=-pass-through=-lSceIofilemgr_stub] ==> ignore
    arg [-plugin-opt=-pass-through=-lSceProcessmgr_stub] ==> ignore
    arg [-plugin-opt=-pass-through=-lSceLibKernel_stub] ==> ignore
    arg [-plugin-opt=-pass-through=-lSceNet_stub] ==> ignore
    arg [--sysroot=/usr/local/vitasdk/bin/../arm-vita-eabi] ==> ignore
    arg [-X] ==> ignore
    arg [-o] ==> ignore
    arg [cmTC_96cfc] ==> ignore
    arg [/usr/local/vitasdk/bin/../lib/gcc/arm-vita-eabi/9.1.0/crti.o] ==> ignore
    arg [/usr/local/vitasdk/bin/../lib/gcc/arm-vita-eabi/9.1.0/crtbegin.o] ==> ignore
    arg [/usr/local/vitasdk/bin/../lib/gcc/arm-vita-eabi/9.1.0/../../../../arm-vita-eabi/lib/crt0.o] ==> ignore
    arg [-L/usr/local/vitasdk/bin/../lib/gcc/arm-vita-eabi/9.1.0] ==> dir [/usr/local/vitasdk/bin/../lib/gcc/arm-vita-eabi/9.1.0]
    arg [-L/usr/local/vitasdk/bin/../lib/gcc] ==> dir [/usr/local/vitasdk/bin/../lib/gcc]
    arg [-L/usr/local/vitasdk/bin/../lib/gcc/arm-vita-eabi/9.1.0/../../../../arm-vita-eabi/lib] ==> dir [/usr/local/vitasdk/bin/../lib/gcc/arm-vita-eabi/9.1.0/../../../../arm-vita-eabi/lib]
    arg [-L/usr/local/vitasdk/bin/../arm-vita-eabi/lib] ==> dir [/usr/local/vitasdk/bin/../arm-vita-eabi/lib]
    arg [-q] ==> ignore
    arg [-znocopyreloc] ==> ignore
    arg [CMakeFiles/cmTC_96cfc.dir/CMakeCXXCompilerABI.cpp.obj] ==> ignore
    arg [-lstdc++] ==> lib [stdc++]
    arg [-lm] ==> lib [m]
    arg [--start-group] ==> ignore
    arg [-lgcc] ==> lib [gcc]
    arg [-lc] ==> lib [c]
    arg [-lSceRtc_stub] ==> lib [SceRtc_stub]
    arg [-lSceSysmem_stub] ==> lib [SceSysmem_stub]
    arg [-lSceKernelThreadMgr_stub] ==> lib [SceKernelThreadMgr_stub]
    arg [-lSceKernelModulemgr_stub] ==> lib [SceKernelModulemgr_stub]
    arg [-lSceIofilemgr_stub] ==> lib [SceIofilemgr_stub]
    arg [-lSceProcessmgr_stub] ==> lib [SceProcessmgr_stub]
    arg [-lSceLibKernel_stub] ==> lib [SceLibKernel_stub]
    arg [-lSceNet_stub] ==> lib [SceNet_stub]
    arg [--end-group] ==> ignore
    arg [/usr/local/vitasdk/bin/../lib/gcc/arm-vita-eabi/9.1.0/crtend.o] ==> ignore
    arg [/usr/local/vitasdk/bin/../lib/gcc/arm-vita-eabi/9.1.0/crtn.o] ==> ignore
  collapse library dir [/usr/local/vitasdk/bin/../lib/gcc/arm-vita-eabi/9.1.0] ==> [/usr/local/vitasdk/lib/gcc/arm-vita-eabi/9.1.0]
  collapse library dir [/usr/local/vitasdk/bin/../lib/gcc] ==> [/usr/local/vitasdk/lib/gcc]
  collapse library dir [/usr/local/vitasdk/bin/../lib/gcc/arm-vita-eabi/9.1.0/../../../../arm-vita-eabi/lib] ==> [/usr/local/vitasdk/arm-vita-eabi/lib]
  collapse library dir [/usr/local/vitasdk/bin/../arm-vita-eabi/lib] ==> [/usr/local/vitasdk/arm-vita-eabi/lib]
  implicit libs: [stdc++;m;gcc;c;SceRtc_stub;SceSysmem_stub;SceKernelThreadMgr_stub;SceKernelModulemgr_stub;SceIofilemgr_stub;SceProcessmgr_stub;SceLibKernel_stub;SceNet_stub]
  implicit dirs: [/usr/local/vitasdk/lib/gcc/arm-vita-eabi/9.1.0;/usr/local/vitasdk/lib/gcc;/usr/local/vitasdk/arm-vita-eabi/lib]
  implicit fwks: []


Determining if the BZ2_bzCompressInit exist passed with the following output:
Change Dir: /home/rob/Projects/covid19-psvita-data/build/CMakeFiles/CMakeTmp

Run Build Command(s):/usr/bin/make cmTC_6f979/fast && /usr/bin/make -f CMakeFiles/cmTC_6f979.dir/build.make CMakeFiles/cmTC_6f979.dir/build
make[1]: Entering directory '/home/rob/Projects/covid19-psvita-data/build/CMakeFiles/CMakeTmp'
Building C object CMakeFiles/cmTC_6f979.dir/CheckSymbolExists.c.obj
/usr/local/vitasdk/bin/arm-vita-eabi-gcc   -Wl,-q -g -std=gnu11 -Wno-narrowing     -o CMakeFiles/cmTC_6f979.dir/CheckSymbolExists.c.obj   -c /home/rob/Projects/covid19-psvita-data/build/CMakeFiles/CMakeTmp/CheckSymbolExists.c
Linking C executable cmTC_6f979
/usr/bin/cmake -E cmake_link_script CMakeFiles/cmTC_6f979.dir/link.txt --verbose=1
/usr/local/vitasdk/bin/arm-vita-eabi-gcc  -Wl,-q -g -std=gnu11 -Wno-narrowing    -Wl,-z,nocopyreloc  CMakeFiles/cmTC_6f979.dir/CheckSymbolExists.c.obj  -o cmTC_6f979  /usr/local/vitasdk/arm-vita-eabi/lib/libbz2.a 
make[1]: Leaving directory '/home/rob/Projects/covid19-psvita-data/build/CMakeFiles/CMakeTmp'


File /home/rob/Projects/covid19-psvita-data/build/CMakeFiles/CMakeTmp/CheckSymbolExists.c:
/* */
#include <bzlib.h>

int main(int argc, char** argv)
{
  (void)argv;
#ifndef BZ2_bzCompressInit
  return ((int*)(&BZ2_bzCompressInit))[argc];
#else
  (void)argc;
  return 0;
#endif
}
